<?xml version="1.0" encoding="UTF-8"?>
<!-- Generated by org.testng.reporters.JUnitReportReporter -->
<testsuite hostname="LAPTOP-AF2JRBJI" failures="0" tests="1" name="testNG.TestNGClass" time="0.003" errors="0" timestamp="2022-10-11T09:55:55 IST" skipped="0">
  <testcase classname="testNG.TestNGClass" name="test" time="0.003"/>
  <system-out/>
</testsuite> <!-- testNG.TestNGClass -->
